<?xml version="1.0" encoding="UTF-8"?>
<!-- Generated by org.testng.reporters.JUnitXMLReporter -->
<testsuite ignored="0" hostname="DESKTOP-BBKKRH3" failures="0" tests="5" name="Your Test Name" time="32.986" errors="0" timestamp="2024-03-28T15:27:48 IST">
  <testcase classname="TC.LoginPage" name="testcase_01" time="1.511"/>
  <testcase classname="TC.LoginPage" name="testcase_02" time="1.639"/>
  <testcase classname="TC.LoginPage" name="testcase_03" time="3.609"/>
  <testcase classname="TC.LoginPage" name="testcase_04" time="1.674"/>
  <testcase classname="TC.LoginPage" name="testcase_05" time="1.474"/>
</testsuite> <!-- Your Test Name -->
