<?xml version="1.0" encoding="UTF-8"?>
<!-- Generated by org.testng.reporters.JUnitXMLReporter -->
<testsuite ignored="0" hostname="DESKTOP-BBKKRH3" failures="0" tests="7" name="Your Test Name" time="44.447" errors="0" timestamp="2024-03-29T18:18:34 IST">
  <testcase classname="TC.HomePage" name="test01" time="2.291"/>
  <testcase classname="TC.HomePage" name="test02" time="2.457"/>
  <testcase classname="TC.HomePage" name="test03" time="1.872"/>
  <testcase classname="TC.HomePage" name="test04" time="1.934"/>
  <testcase classname="TC.HomePage" name="test05" time="1.815"/>
  <testcase classname="TC.HomePage" name="test06" time="1.79"/>
  <testcase classname="TC.HomePage" name="test07" time="1.978"/>
</testsuite> <!-- Your Test Name -->
