<?xml version="1.0" encoding="UTF-8"?>
<testng-results ignored="0" total="5" passed="5" failed="0" skipped="0">
  <reporter-output>
  </reporter-output>
  <suite started-at="2024-03-28T15:27:15 IST" name="Suite" finished-at="2024-03-28T15:27:48 IST" duration-ms="32986">
    <groups>
    </groups>
    <test started-at="2024-03-28T15:27:15 IST" name="Your Test Name" finished-at="2024-03-28T15:27:48 IST" duration-ms="32986">
      <class name="TC.LoginPage">
        <test-method is-config="true" signature="configBeforeMathod(java.lang.String,java.lang.String)[pri:0, instance:TC.LoginPage@5119fb47]" started-at="2024-03-28T15:27:15 IST" name="configBeforeMathod" finished-at="2024-03-28T15:27:21 IST" duration-ms="6380" status="PASS">
          <params>
            <param index="0">
              <value>
                <![CDATA[chrome]]>
              </value>
            </param>
            <param index="1">
              <value>
                <![CDATA[https://katalon-demo-cura.herokuapp.com/]]>
              </value>
            </param>
          </params>
          <reporter-output>
          </reporter-output>
        </test-method> <!-- configBeforeMathod -->
        <test-method signature="testcase_01()[pri:0, instance:TC.LoginPage@5119fb47]" started-at="2024-03-28T15:27:21 IST" name="testcase_01" finished-at="2024-03-28T15:27:23 IST" duration-ms="1511" status="PASS">
          <reporter-output>
          </reporter-output>
        </test-method> <!-- testcase_01 -->
        <test-method is-config="true" signature="tearDown()[pri:0, instance:TC.LoginPage@5119fb47]" started-at="2024-03-28T15:27:23 IST" name="tearDown" finished-at="2024-03-28T15:27:23 IST" duration-ms="406" status="PASS">
          <reporter-output>
          </reporter-output>
        </test-method> <!-- tearDown -->
        <test-method is-config="true" signature="configBeforeMathod(java.lang.String,java.lang.String)[pri:0, instance:TC.LoginPage@5119fb47]" started-at="2024-03-28T15:27:23 IST" name="configBeforeMathod" finished-at="2024-03-28T15:27:27 IST" duration-ms="4210" status="PASS">
          <params>
            <param index="0">
              <value>
                <![CDATA[chrome]]>
              </value>
            </param>
            <param index="1">
              <value>
                <![CDATA[https://katalon-demo-cura.herokuapp.com/]]>
              </value>
            </param>
          </params>
          <reporter-output>
          </reporter-output>
        </test-method> <!-- configBeforeMathod -->
        <test-method signature="testcase_02()[pri:0, instance:TC.LoginPage@5119fb47]" started-at="2024-03-28T15:27:27 IST" name="testcase_02" finished-at="2024-03-28T15:27:29 IST" duration-ms="1639" status="PASS">
          <reporter-output>
          </reporter-output>
        </test-method> <!-- testcase_02 -->
        <test-method is-config="true" signature="tearDown()[pri:0, instance:TC.LoginPage@5119fb47]" started-at="2024-03-28T15:27:29 IST" name="tearDown" finished-at="2024-03-28T15:27:29 IST" duration-ms="245" status="PASS">
          <reporter-output>
          </reporter-output>
        </test-method> <!-- tearDown -->
        <test-method is-config="true" signature="configBeforeMathod(java.lang.String,java.lang.String)[pri:0, instance:TC.LoginPage@5119fb47]" started-at="2024-03-28T15:27:29 IST" name="configBeforeMathod" finished-at="2024-03-28T15:27:32 IST" duration-ms="2612" status="PASS">
          <params>
            <param index="0">
              <value>
                <![CDATA[chrome]]>
              </value>
            </param>
            <param index="1">
              <value>
                <![CDATA[https://katalon-demo-cura.herokuapp.com/]]>
              </value>
            </param>
          </params>
          <reporter-output>
          </reporter-output>
        </test-method> <!-- configBeforeMathod -->
        <test-method signature="testcase_03()[pri:0, instance:TC.LoginPage@5119fb47]" started-at="2024-03-28T15:27:32 IST" name="testcase_03" finished-at="2024-03-28T15:27:36 IST" duration-ms="3609" status="PASS">
          <reporter-output>
          </reporter-output>
        </test-method> <!-- testcase_03 -->
        <test-method is-config="true" signature="tearDown()[pri:0, instance:TC.LoginPage@5119fb47]" started-at="2024-03-28T15:27:36 IST" name="tearDown" finished-at="2024-03-28T15:27:36 IST" duration-ms="295" status="PASS">
          <reporter-output>
          </reporter-output>
        </test-method> <!-- tearDown -->
        <test-method is-config="true" signature="configBeforeMathod(java.lang.String,java.lang.String)[pri:0, instance:TC.LoginPage@5119fb47]" started-at="2024-03-28T15:27:36 IST" name="configBeforeMathod" finished-at="2024-03-28T15:27:40 IST" duration-ms="4020" status="PASS">
          <params>
            <param index="0">
              <value>
                <![CDATA[chrome]]>
              </value>
            </param>
            <param index="1">
              <value>
                <![CDATA[https://katalon-demo-cura.herokuapp.com/]]>
              </value>
            </param>
          </params>
          <reporter-output>
          </reporter-output>
        </test-method> <!-- configBeforeMathod -->
        <test-method signature="testcase_04()[pri:0, instance:TC.LoginPage@5119fb47]" started-at="2024-03-28T15:27:40 IST" name="testcase_04" finished-at="2024-03-28T15:27:42 IST" duration-ms="1674" status="PASS">
          <reporter-output>
          </reporter-output>
        </test-method> <!-- testcase_04 -->
        <test-method is-config="true" signature="tearDown()[pri:0, instance:TC.LoginPage@5119fb47]" started-at="2024-03-28T15:27:42 IST" name="tearDown" finished-at="2024-03-28T15:27:42 IST" duration-ms="275" status="PASS">
          <reporter-output>
          </reporter-output>
        </test-method> <!-- tearDown -->
        <test-method is-config="true" signature="configBeforeMathod(java.lang.String,java.lang.String)[pri:0, instance:TC.LoginPage@5119fb47]" started-at="2024-03-28T15:27:42 IST" name="configBeforeMathod" finished-at="2024-03-28T15:27:46 IST" duration-ms="4220" status="PASS">
          <params>
            <param index="0">
              <value>
                <![CDATA[chrome]]>
              </value>
            </param>
            <param index="1">
              <value>
                <![CDATA[https://katalon-demo-cura.herokuapp.com/]]>
              </value>
            </param>
          </params>
          <reporter-output>
          </reporter-output>
        </test-method> <!-- configBeforeMathod -->
        <test-method signature="testcase_05()[pri:0, instance:TC.LoginPage@5119fb47]" started-at="2024-03-28T15:27:46 IST" name="testcase_05" finished-at="2024-03-28T15:27:48 IST" duration-ms="1474" status="PASS">
          <reporter-output>
          </reporter-output>
        </test-method> <!-- testcase_05 -->
        <test-method is-config="true" signature="tearDown()[pri:0, instance:TC.LoginPage@5119fb47]" started-at="2024-03-28T15:27:48 IST" name="tearDown" finished-at="2024-03-28T15:27:48 IST" duration-ms="334" status="PASS">
          <reporter-output>
          </reporter-output>
        </test-method> <!-- tearDown -->
      </class> <!-- TC.LoginPage -->
    </test> <!-- Your Test Name -->
  </suite> <!-- Suite -->
</testng-results>
