<?xml version="1.0" encoding="UTF-8"?>
<testng-results ignored="0" total="7" passed="7" failed="0" skipped="0">
  <reporter-output>
  </reporter-output>
  <suite started-at="2024-03-29T18:17:49 IST" name="Suite" finished-at="2024-03-29T18:18:34 IST" duration-ms="44447">
    <groups>
    </groups>
    <test started-at="2024-03-29T18:17:49 IST" name="Your Test Name" finished-at="2024-03-29T18:18:34 IST" duration-ms="44447">
      <class name="TC.HomePage">
        <test-method is-config="true" signature="configBeforeMathod(java.lang.String,java.lang.String)[pri:0, instance:TC.HomePage@3835c46]" started-at="2024-03-29T18:17:49 IST" name="configBeforeMathod" finished-at="2024-03-29T18:17:54 IST" duration-ms="5059" status="PASS">
          <params>
            <param index="0">
              <value>
                <![CDATA[chrome]]>
              </value>
            </param>
            <param index="1">
              <value>
                <![CDATA[https://katalon-demo-cura.herokuapp.com/]]>
              </value>
            </param>
          </params>
          <reporter-output>
          </reporter-output>
        </test-method> <!-- configBeforeMathod -->
        <test-method signature="test01()[pri:0, instance:TC.HomePage@3835c46]" started-at="2024-03-29T18:17:54 IST" name="test01" finished-at="2024-03-29T18:17:56 IST" duration-ms="2291" status="PASS">
          <reporter-output>
          </reporter-output>
        </test-method> <!-- test01 -->
        <test-method is-config="true" signature="tearDown()[pri:0, instance:TC.HomePage@3835c46]" started-at="2024-03-29T18:17:56 IST" name="tearDown" finished-at="2024-03-29T18:17:57 IST" duration-ms="198" status="PASS">
          <reporter-output>
          </reporter-output>
        </test-method> <!-- tearDown -->
        <test-method is-config="true" signature="configBeforeMathod(java.lang.String,java.lang.String)[pri:0, instance:TC.HomePage@3835c46]" started-at="2024-03-29T18:17:57 IST" name="configBeforeMathod" finished-at="2024-03-29T18:18:00 IST" duration-ms="3519" status="PASS">
          <params>
            <param index="0">
              <value>
                <![CDATA[chrome]]>
              </value>
            </param>
            <param index="1">
              <value>
                <![CDATA[https://katalon-demo-cura.herokuapp.com/]]>
              </value>
            </param>
          </params>
          <reporter-output>
          </reporter-output>
        </test-method> <!-- configBeforeMathod -->
        <test-method signature="test02()[pri:0, instance:TC.HomePage@3835c46]" started-at="2024-03-29T18:18:00 IST" name="test02" finished-at="2024-03-29T18:18:03 IST" duration-ms="2457" status="PASS">
          <reporter-output>
          </reporter-output>
        </test-method> <!-- test02 -->
        <test-method is-config="true" signature="tearDown()[pri:0, instance:TC.HomePage@3835c46]" started-at="2024-03-29T18:18:03 IST" name="tearDown" finished-at="2024-03-29T18:18:03 IST" duration-ms="167" status="PASS">
          <reporter-output>
          </reporter-output>
        </test-method> <!-- tearDown -->
        <test-method is-config="true" signature="configBeforeMathod(java.lang.String,java.lang.String)[pri:0, instance:TC.HomePage@3835c46]" started-at="2024-03-29T18:18:03 IST" name="configBeforeMathod" finished-at="2024-03-29T18:18:08 IST" duration-ms="4886" status="PASS">
          <params>
            <param index="0">
              <value>
                <![CDATA[chrome]]>
              </value>
            </param>
            <param index="1">
              <value>
                <![CDATA[https://katalon-demo-cura.herokuapp.com/]]>
              </value>
            </param>
          </params>
          <reporter-output>
          </reporter-output>
        </test-method> <!-- configBeforeMathod -->
        <test-method signature="test03()[pri:0, instance:TC.HomePage@3835c46]" started-at="2024-03-29T18:18:08 IST" name="test03" finished-at="2024-03-29T18:18:10 IST" duration-ms="1872" status="PASS">
          <reporter-output>
          </reporter-output>
        </test-method> <!-- test03 -->
        <test-method is-config="true" signature="tearDown()[pri:0, instance:TC.HomePage@3835c46]" started-at="2024-03-29T18:18:10 IST" name="tearDown" finished-at="2024-03-29T18:18:10 IST" duration-ms="222" status="PASS">
          <reporter-output>
          </reporter-output>
        </test-method> <!-- tearDown -->
        <test-method is-config="true" signature="configBeforeMathod(java.lang.String,java.lang.String)[pri:0, instance:TC.HomePage@3835c46]" started-at="2024-03-29T18:18:10 IST" name="configBeforeMathod" finished-at="2024-03-29T18:18:13 IST" duration-ms="3366" status="PASS">
          <params>
            <param index="0">
              <value>
                <![CDATA[chrome]]>
              </value>
            </param>
            <param index="1">
              <value>
                <![CDATA[https://katalon-demo-cura.herokuapp.com/]]>
              </value>
            </param>
          </params>
          <reporter-output>
          </reporter-output>
        </test-method> <!-- configBeforeMathod -->
        <test-method signature="test04()[pri:0, instance:TC.HomePage@3835c46]" started-at="2024-03-29T18:18:13 IST" name="test04" finished-at="2024-03-29T18:18:15 IST" duration-ms="1934" status="PASS">
          <reporter-output>
          </reporter-output>
        </test-method> <!-- test04 -->
        <test-method is-config="true" signature="tearDown()[pri:0, instance:TC.HomePage@3835c46]" started-at="2024-03-29T18:18:15 IST" name="tearDown" finished-at="2024-03-29T18:18:15 IST" duration-ms="186" status="PASS">
          <reporter-output>
          </reporter-output>
        </test-method> <!-- tearDown -->
        <test-method is-config="true" signature="configBeforeMathod(java.lang.String,java.lang.String)[pri:0, instance:TC.HomePage@3835c46]" started-at="2024-03-29T18:18:15 IST" name="configBeforeMathod" finished-at="2024-03-29T18:18:19 IST" duration-ms="3694" status="PASS">
          <params>
            <param index="0">
              <value>
                <![CDATA[chrome]]>
              </value>
            </param>
            <param index="1">
              <value>
                <![CDATA[https://katalon-demo-cura.herokuapp.com/]]>
              </value>
            </param>
          </params>
          <reporter-output>
          </reporter-output>
        </test-method> <!-- configBeforeMathod -->
        <test-method signature="test05()[pri:0, instance:TC.HomePage@3835c46]" started-at="2024-03-29T18:18:19 IST" name="test05" finished-at="2024-03-29T18:18:21 IST" duration-ms="1815" status="PASS">
          <reporter-output>
          </reporter-output>
        </test-method> <!-- test05 -->
        <test-method is-config="true" signature="tearDown()[pri:0, instance:TC.HomePage@3835c46]" started-at="2024-03-29T18:18:21 IST" name="tearDown" finished-at="2024-03-29T18:18:21 IST" duration-ms="163" status="PASS">
          <reporter-output>
          </reporter-output>
        </test-method> <!-- tearDown -->
        <test-method is-config="true" signature="configBeforeMathod(java.lang.String,java.lang.String)[pri:0, instance:TC.HomePage@3835c46]" started-at="2024-03-29T18:18:21 IST" name="configBeforeMathod" finished-at="2024-03-29T18:18:25 IST" duration-ms="4008" status="PASS">
          <params>
            <param index="0">
              <value>
                <![CDATA[chrome]]>
              </value>
            </param>
            <param index="1">
              <value>
                <![CDATA[https://katalon-demo-cura.herokuapp.com/]]>
              </value>
            </param>
          </params>
          <reporter-output>
          </reporter-output>
        </test-method> <!-- configBeforeMathod -->
        <test-method signature="test06()[pri:0, instance:TC.HomePage@3835c46]" started-at="2024-03-29T18:18:25 IST" name="test06" finished-at="2024-03-29T18:18:27 IST" duration-ms="1790" status="PASS">
          <reporter-output>
          </reporter-output>
        </test-method> <!-- test06 -->
        <test-method is-config="true" signature="tearDown()[pri:0, instance:TC.HomePage@3835c46]" started-at="2024-03-29T18:18:27 IST" name="tearDown" finished-at="2024-03-29T18:18:27 IST" duration-ms="216" status="PASS">
          <reporter-output>
          </reporter-output>
        </test-method> <!-- tearDown -->
        <test-method is-config="true" signature="configBeforeMathod(java.lang.String,java.lang.String)[pri:0, instance:TC.HomePage@3835c46]" started-at="2024-03-29T18:18:27 IST" name="configBeforeMathod" finished-at="2024-03-29T18:18:31 IST" duration-ms="4331" status="PASS">
          <params>
            <param index="0">
              <value>
                <![CDATA[chrome]]>
              </value>
            </param>
            <param index="1">
              <value>
                <![CDATA[https://katalon-demo-cura.herokuapp.com/]]>
              </value>
            </param>
          </params>
          <reporter-output>
          </reporter-output>
        </test-method> <!-- configBeforeMathod -->
        <test-method signature="test07()[pri:0, instance:TC.HomePage@3835c46]" started-at="2024-03-29T18:18:31 IST" name="test07" finished-at="2024-03-29T18:18:33 IST" duration-ms="1978" status="PASS">
          <reporter-output>
          </reporter-output>
        </test-method> <!-- test07 -->
        <test-method is-config="true" signature="tearDown()[pri:0, instance:TC.HomePage@3835c46]" started-at="2024-03-29T18:18:33 IST" name="tearDown" finished-at="2024-03-29T18:18:34 IST" duration-ms="233" status="PASS">
          <reporter-output>
          </reporter-output>
        </test-method> <!-- tearDown -->
      </class> <!-- TC.HomePage -->
    </test> <!-- Your Test Name -->
  </suite> <!-- Suite -->
</testng-results>
